<?xml version="1.0" encoding="UTF-8"?>
<!-- Generated by org.testng.reporters.JUnitXMLReporter -->
<testsuite ignored="0" hostname="DESKTOP-A9EM23T" failures="3" tests="4" name="Test" time="52.415" errors="0" timestamp="2024-07-04T18:03:29 EDT">
  <testcase classname="com.netbanking.testCases.TC01_LoginTest" name="loginTest" time="3.045">
    <failure type="java.lang.AssertionError" message="expected [true] but found [false]">
      <![CDATA[java.lang.AssertionError: expected [true] but found [false]
at com.netbanking.testCases.TC01_LoginTest.loginTest(TC01_LoginTest.java:29)
at java.base/java.util.ArrayList.forEach(ArrayList.java:1511)
... Removed 29 stack frames]]>
    </failure>
  </testcase> <!-- loginTest -->
  <testcase classname="com.netbanking.testCases.TC02_LoginDDTTest" name="LoginDDT" time="1.878"/>
  <testcase classname="com.netbanking.testCases.TC02_LoginDDTTest" name="LoginDDT" time="0.843">
    <failure type="java.lang.AssertionError" message="expected [true] but found [false]">
      <![CDATA[java.lang.AssertionError: expected [true] but found [false]
at com.netbanking.testCases.TC02_LoginDDTTest.LoginDDT(TC02_LoginDDTTest.java:31)
at java.base/java.util.ArrayList.forEach(ArrayList.java:1511)
... Removed 29 stack frames]]>
    </failure>
  </testcase> <!-- LoginDDT -->
  <testcase classname="com.netbanking.testCases.TC02_LoginDDTTest" name="LoginDDT" time="1.034">
    <failure type="java.lang.AssertionError" message="expected [true] but found [false]">
      <![CDATA[java.lang.AssertionError: expected [true] but found [false]
at com.netbanking.testCases.TC02_LoginDDTTest.LoginDDT(TC02_LoginDDTTest.java:31)
at java.base/java.util.ArrayList.forEach(ArrayList.java:1511)
... Removed 29 stack frames]]>
    </failure>
  </testcase> <!-- LoginDDT -->
</testsuite> <!-- Test -->
